C51 COMPILER V9.60.7.0   MAIN                                                              06/07/2026 08:29:59 PAGE 1   


C51 COMPILER V9.60.7.0, COMPILATION OF MODULE MAIN
OBJECT MODULE PLACED IN .\Objects\main.obj
COMPILER INVOKED BY: D:\Keil uVision5\C51\BIN\C51.EXE main.c OPTIMIZE(8,SPEED) BROWSE DEBUG OBJECTEXTEND PRINT(.\Listing
                    -s\main.lst) TABS(2) OBJECT(.\Objects\main.obj)

line level    source

*** WARNING C500 IN LINE 1 OF main.c: LICENSE ERROR (R201(2): INVALID LICENSE ID CODE (LIC))

   1          #include <REGX52.H>
   2          
   3          // 数码管段码表：0~9
   4          unsigned char code NixieTable[] =
   5          {
   6              0x3F,  // 0
   7              0x06,  // 1
   8              0x5B,  // 2
   9              0x4F,  // 3
  10              0x66,  // 4
  11              0x6D,  // 5
  12              0x7D,  // 6
  13              0x07,  // 7
  14              0x7F,  // 8
  15              0x6F   // 9
  16          };
  17          
  18          // 时钟变量
  19          unsigned char year = 24;    // 年 0~99
  20          unsigned char month = 5;    // 月 1~12
  21          unsigned char day = 31;     // 日 1~31
  22          unsigned char hour = 12;    // 时 0~23
  23          unsigned char minute = 0;   // 分 0~59
  24          unsigned char second = 0;  // 秒 0~59
  25          
  26          // 显示缓冲：年(2位) 月(2位) 日(2位) 时(2位) 分(2位) 秒(2位)
  27          // 位置：1-2:年, 3-4:月, 5-6:日, 7-8:时（时分秒用另外一组或轮换显示）
  28          unsigned char disp_buf[8];
  29          
  30          // 延时子函数
  31          void Delay(unsigned int xms)
  32          {
  33   1          unsigned char i, j;
  34   1          while(xms--)
  35   1          {
  36   2              i = 2;
  37   2              j = 239;
  38   2              do
  39   2              {
  40   3                  while(--j);
  41   3              } while(--i);
  42   2          }
  43   1      }
  44          
  45          // 判断闰年：1是闰年，0不是
  46          unsigned char IsLeapYear(unsigned char y)
  47          {
  48   1          unsigned int full_year = 2000 + y;
  49   1          if((full_year % 4 == 0 && full_year % 100 != 0) || (full_year % 400 == 0))
  50   1          {
  51   2              return 1;
  52   2          }
  53   1          return 0;
C51 COMPILER V9.60.7.0   MAIN                                                              06/07/2026 08:29:59 PAGE 2   

  54   1      }
  55          
  56          // 获取当月天数
  57          unsigned char GetDaysInMonth(unsigned char m, unsigned char y)
  58          {
  59   1          unsigned char days[] = {0, 31, 28, 31, 30, 31, 30, 31, 31, 30, 31, 30, 31};
  60   1          if(m == 2 && IsLeapYear(y))
  61   1          {
  62   2              return 29;
  63   2          }
  64   1          return days[m];
  65   1      }
  66          
  67          // 数码管显示子函数
  68          void Nixie(unsigned char Location, unsigned char Number)
  69          {
  70   1          switch(Location)
  71   1          {
  72   2              case 1: P2_4 = 1; P2_3 = 1; P2_2 = 1; break;
  73   2              case 2: P2_4 = 1; P2_3 = 1; P2_2 = 0; break;
  74   2              case 3: P2_4 = 1; P2_3 = 0; P2_2 = 1; break;
  75   2              case 4: P2_4 = 1; P2_3 = 0; P2_2 = 0; break;
  76   2              case 5: P2_4 = 0; P2_3 = 1; P2_2 = 1; break;
  77   2              case 6: P2_4 = 0; P2_3 = 1; P2_2 = 0; break;
  78   2              case 7: P2_4 = 0; P2_3 = 0; P2_2 = 1; break;
  79   2              case 8: P2_4 = 0; P2_3 = 0; P2_2 = 0; break;
  80   2          }
  81   1          P0 = NixieTable[Number];
  82   1          Delay(1);
  83   1          P0 = 0x00;
  84   1      }
  85          
  86          // 更新显示缓冲：年月日
  87          void Update_Buffer_YMD(void)
  88          {
  89   1          disp_buf[0] = year / 10;
  90   1          disp_buf[1] = year % 10;
  91   1          disp_buf[2] = month / 10;
  92   1          disp_buf[3] = month % 10;
  93   1          disp_buf[4] = day / 10;
  94   1          disp_buf[5] = day % 10;
  95   1          // 最后两位显示分隔或时分
  96   1          disp_buf[6] = hour / 10;
  97   1          disp_buf[7] = hour % 10;
  98   1      }
  99          
 100          // 更新显示缓冲：时分秒
 101          void Update_Buffer_HMS(void)
 102          {
 103   1          disp_buf[0] = hour / 10;
 104   1          disp_buf[1] = hour % 10;
 105   1          disp_buf[2] = minute / 10;
 106   1          disp_buf[3] = minute % 10;
 107   1          disp_buf[4] = second / 10;
 108   1          disp_buf[5] = second % 10;
 109   1          // 最后两位显示分隔或年月
 110   1          disp_buf[6] = month / 10;
 111   1          disp_buf[7] = month % 10;
 112   1      }
 113          
 114          // 定时器0中断：50ms
 115          unsigned char cnt0 = 0;
C51 COMPILER V9.60.7.0   MAIN                                                              06/07/2026 08:29:59 PAGE 3   

 116          bit show_mode = 0;  // 0=显示年月日，1=显示时分秒
 117          
 118          void T0_ISR(void) interrupt 1
 119          {
 120   1          TH0 = 0x3C;
 121   1          TL0 = 0xB0;
 122   1          
 123   1          cnt0++;
 124   1          if(cnt0 >= 20)
 125   1          {
 126   2              cnt0 = 0;
 127   2              second++;
 128   2              
 129   2              if(second >= 60)
 130   2              {
 131   3                  second = 0;
 132   3                  minute++;
 133   3                  
 134   3                  if(minute >= 60)
 135   3                  {
 136   4                      minute = 0;
 137   4                      hour++;
 138   4                      
 139   4                      if(hour >= 24)
 140   4                      {
 141   5                          hour = 0;
 142   5                          day++;
 143   5                          
 144   5                          if(day > GetDaysInMonth(month, year))
 145   5                          {
 146   6                              day = 1;
 147   6                              month++;
 148   6                              
 149   6                              if(month > 12)
 150   6                              {
 151   7                                  month = 1;
 152   7                                  year++;
 153   7                                  
 154   7                                  if(year > 99)
 155   7                                  {
 156   8                                      year = 0;
 157   8                                  }
 158   7                              }
 159   6                          }
 160   5                      }
 161   4                  }
 162   3              }
 163   2              
 164   2              // 每5秒切换显示模式
 165   2              if(second % 5 == 0)
 166   2              {
 167   3                  show_mode = ~show_mode;
 168   3              }
 169   2          }
 170   1      }
 171          
 172          void main(void)
 173          {
 174   1          // 初始化显示缓冲
 175   1          Update_Buffer_YMD();
 176   1          
 177   1          // 定时器0初始化
C51 COMPILER V9.60.7.0   MAIN                                                              06/07/2026 08:29:59 PAGE 4   

 178   1          TMOD = 0x01;
 179   1          TH0 = 0x3C;
 180   1          TL0 = 0xB0;
 181   1          ET0 = 1;
 182   1          TR0 = 1;
 183   1          EA = 1;
 184   1          
 185   1          while(1)
 186   1          {
 187   2              unsigned char i;
 188   2              
 189   2              // 根据模式更新缓冲
 190   2              if(show_mode == 0)
 191   2              {
 192   3                  Update_Buffer_YMD();
 193   3              }
 194   2              else
 195   2              {
 196   3                  Update_Buffer_HMS();
 197   3              }
 198   2              
 199   2              // 动态扫描8位数码管
 200   2              for(i = 0; i < 8; i++)
 201   2              {
 202   3                  Nixie(i + 1, disp_buf[i]);
 203   3              }
 204   2          }
 205   1      }


MODULE INFORMATION:   STATIC OVERLAYABLE
   CODE SIZE        =    581    ----
   CONSTANT SIZE    =     23    ----
   XDATA SIZE       =   ----    ----
   PDATA SIZE       =   ----    ----
   DATA SIZE        =     15      16
   IDATA SIZE       =   ----    ----
   BIT SIZE         =      1    ----
END OF MODULE INFORMATION.


C51 COMPILATION COMPLETE.  1 WARNING(S),  0 ERROR(S)
