C51 COMPILER V9.60.7.0   FUCTION                                                           11/25/2023 19:27:44 PAGE 1   


C51 COMPILER V9.60.7.0, COMPILATION OF MODULE FUCTION
OBJECT MODULE PLACED IN .\Objects\fuction.obj
COMPILER INVOKED BY: D:\Keil uVision5\C51\BIN\C51.EXE fuction.c OPTIMIZE(8,SPEED) BROWSE DEBUG OBJECTEXTEND PRINT(.\List
                    -ings\fuction.lst) TABS(2) OBJECT(.\Objects\fuction.obj)

line level    source

   1          #include <REGX52.H>
   2          
   3          
   4          void Delay(unsigned char xms) //@11.0592MHz
   5          {
   6   1        unsigned char data i, j;
   7   1      
   8   1        while(xms--)
   9   1        {
  10   2        //_nop_();
  11   2        i = 2;
  12   2        j = 199;
  13   2        do
  14   2        {
  15   3          while (--j);
  16   3        } while (--i);
  17   2        }
  18   1      }
  19            
  20          
  21          
  22          
  23          unsigned char Nexietable[]={0x3f,0x06,0x5b,0x4f,0x66,0x6d,0x7d,0x07,0x7f,0x6f};
  24          void INPUT(unsigned char LOCATION,NUMBER)
  25            {switch(LOCATION)
  26   1          {
  27   2            case 1:P2_4=1;P2_3=1;P2_2=1;break;
  28   2            case 2:P2_4=1;P2_3=1;P2_2=0;break;
  29   2            case 3:P2_4=1;P2_3=0;P2_2=1;break;
  30   2            case 4:P2_4=1;P2_3=0;P2_2=0;break;
  31   2            case 5:P2_4=0;P2_3=1;P2_2=1;break;
  32   2            case 6:P2_4=0;P2_3=1;P2_2=0;break;
  33   2            case 7:P2_4=0;P2_3=0;P2_2=1;break;
  34   2            case 8:P2_4=0;P2_3=0;P2_2=0;break;
  35   2          }
  36   1          P0=Nexietable[NUMBER];
  37   1        }
  38            


MODULE INFORMATION:   STATIC OVERLAYABLE
   CODE SIZE        =    116    ----
   CONSTANT SIZE    =   ----    ----
   XDATA SIZE       =   ----    ----
   PDATA SIZE       =   ----    ----
   DATA SIZE        =     10    ----
   IDATA SIZE       =   ----    ----
   BIT SIZE         =   ----    ----
END OF MODULE INFORMATION.


C51 COMPILATION COMPLETE.  0 WARNING(S),  0 ERROR(S)
