C51 COMPILER V9.60.7.0   MAIN                                                              11/25/2023 20:47:48 PAGE 1   


C51 COMPILER V9.60.7.0, COMPILATION OF MODULE MAIN
OBJECT MODULE PLACED IN .\Objects\main.obj
COMPILER INVOKED BY: D:\Keil uVision5\C51\BIN\C51.EXE main.c OPTIMIZE(8,SPEED) BROWSE DEBUG OBJECTEXTEND PRINT(.\Listing
                    -s\main.lst) TABS(2) OBJECT(.\Objects\main.obj)

line level    source

   1          #include <REGX52.H>
   2          #include <stdio.h>
   3          #include <LCD1602.h>
   4          #include <LCD1602.c>
   5          
   6          void Delay(unsigned char xms) //@11.0592MHz
   7          {
   8   1        unsigned char data i, j;
   9   1      
  10   1        while(xms--)
  11   1        {
  12   2        //_nop_();
  13   2        i = 2;
  14   2        j = 199;
  15   2        do
  16   2        {
  17   3          while (--j);
  18   3        } while (--i);
  19   2        }
  20   1      }
  21          
  22          
  23          int main()
  24          {
  25   1        int c;//column
  26   1        int x;
  27   1        x='x';
  28   1        c=1;
  29   1        
  30   1        LCD_Init();
  31   1      
  32   1          if(P3_1==1)//pressing the button
  33   1           {
  34   2             Delay(20);
  35   2             LCD_ShowChar(1,c,x);//void LCD_ShowChar(unsigned char Line,unsigned char Column,char Char);
  36   2           }
  37   1          if(P3_1==0)
  38   1          {
  39   2             Delay(20);
  40   2             LCD_ShowNum(1,c,1,1);//LCD_ShowNum(unsigned char Line,unsigned char Column,unsigned int Number,unsigne
             -d char Length);
  41   2             c++;
  42   2          }
  43   1          if(P3_2==1)//pressing the button
  44   1          {
  45   2          Delay(20);
  46   2             LCD_ShowChar(1,c,x);
  47   2          }
  48   1          if(P3_2==0)
  49   1          {
  50   2             Delay(20);
  51   2             LCD_ShowNum(1,c,2,1);//LCD_ShowNum(unsigned char Line,unsigned char Column,unsigned int Number,unsigne
             -d char Length);
  52   2            c++;
C51 COMPILER V9.60.7.0   MAIN                                                              11/25/2023 20:47:48 PAGE 2   

  53   2          }
  54   1          if(P3_3==1)//pressing the button
  55   1          {
  56   2          Delay(20);
  57   2             LCD_ShowChar(1,c,x);
  58   2          }
  59   1          if(P3_3==0)
  60   1          {
  61   2             Delay(20);
  62   2             LCD_ShowNum(1,c,3,1);//LCD_ShowNum(unsigned char Line,unsigned char Column,unsigned int Number,unsigne
             -d char Length);
  63   2            c++;
  64   2          }
  65   1          
  66   1        while(1);
  67   1        
  68   1      
  69   1      
  70   1      
  71   1      }


MODULE INFORMATION:   STATIC OVERLAYABLE
   CODE SIZE        =    513    ----
   CONSTANT SIZE    =   ----    ----
   XDATA SIZE       =   ----    ----
   PDATA SIZE       =   ----    ----
   DATA SIZE        =   ----      31
   IDATA SIZE       =   ----    ----
   BIT SIZE         =   ----    ----
END OF MODULE INFORMATION.


C51 COMPILATION COMPLETE.  0 WARNING(S),  0 ERROR(S)
