C51 COMPILER V9.60.7.0   MAIN                                                              11/13/2023 09:26:47 PAGE 1   


C51 COMPILER V9.60.7.0, COMPILATION OF MODULE MAIN
OBJECT MODULE PLACED IN .\Objects\main.obj
COMPILER INVOKED BY: D:\Keil uVision5\C51\BIN\C51.EXE main.c OPTIMIZE(8,SPEED) BROWSE DEBUG OBJECTEXTEND PRINT(.\Listing
                    -s\main.lst) TABS(2) OBJECT(.\Objects\main.obj)

line level    source

   1          #include <REGX51.H>
   2          #include "intrins.h"
   3          
   4          void Delay(int xms) //@11.0592MHz
   5          {
   6   1        unsigned char data i, j;
   7   1      
   8   1        while(xms)
   9   1        {
  10   2        _nop_();
  11   2        i = 2;
  12   2        j = 199;
  13   2        
  14   2        do
  15   2        {
  16   3          while (--j);
  17   3        } while (--i);
  18   2          xms--;
  19   2        }
  20   1      }
  21          
  22          
  23          void main()
  24          {
  25   1        while(1)
  26   1        {
  27   2        if(P3_1==0)
  28   2        {
  29   3        Delay(20);
  30   3          while(P3_1==0);
  31   3          Delay(20);
  32   3          P2_0=~P2_0;
  33   3        }
  34   2          
  35   2        }
  36   1      }


MODULE INFORMATION:   STATIC OVERLAYABLE
   CODE SIZE        =     45    ----
   CONSTANT SIZE    =   ----    ----
   XDATA SIZE       =   ----    ----
   PDATA SIZE       =   ----    ----
   DATA SIZE        =   ----    ----
   IDATA SIZE       =   ----    ----
   BIT SIZE         =   ----    ----
END OF MODULE INFORMATION.


C51 COMPILATION COMPLETE.  0 WARNING(S),  0 ERROR(S)
