C51 COMPILER V9.54   MAIN                                                                  09/22/2023 19:43:03 PAGE 1   


C51 COMPILER V9.54, COMPILATION OF MODULE MAIN
OBJECT MODULE PLACED IN .\Objects\main.obj
COMPILER INVOKED BY: D:\C51\C51\BIN\C51.EXE main.c OPTIMIZE(8,SPEED) BROWSE DEBUG OBJECTEXTEND PRINT(.\Listings\main.lst
                    -) TABS(2) OBJECT(.\Objects\main.obj)

line level    source

   1          #include <REGX52.H>
   2          #include <intrins.h>
   3          void Delay1ms(unsigned int xms)   //@11.0592MHz
   4          {
   5   1        unsigned char i, j;
   6   1        while(xms)
   7   1        {
   8   2          _nop_();
   9   2          _nop_();
  10   2          _nop_();
  11   2          i = 11;
  12   2          j = 190;
  13   2        do
  14   2        {
  15   3          while (--j);
  16   3        } while (--i);
  17   2          xms--;
  18   2        }
  19   1        
  20   1      }
  21          
  22          
  23          void main()
  24          {
  25   1        while(1)
  26   1        {
  27   2        P2=0xfe;//1111 1110
  28   2        Delay1ms(10);
  29   2        P2=0xfd;//1111 1101
  30   2        Delay1ms(10);
  31   2        P2=0xfb;//1111 1011
  32   2        Delay1ms(10);
  33   2        P2=0xf7;//1111 0111
  34   2        Delay1ms(10);
  35   2        P2=0xef;//1110 1111
  36   2        Delay1ms(10);
  37   2        P2=0xdf;//1101 1111
  38   2        Delay1ms(10);
  39   2        P2=0xbf;//1011 1111
  40   2        Delay1ms(10);
  41   2        P2=0x7f;//0111 1111
  42   2        Delay1ms(10);
  43   2        }
  44   1        
  45   1      }


MODULE INFORMATION:   STATIC OVERLAYABLE
   CODE SIZE        =     77    ----
   CONSTANT SIZE    =   ----    ----
   XDATA SIZE       =   ----    ----
   PDATA SIZE       =   ----    ----
   DATA SIZE        =   ----    ----
   IDATA SIZE       =   ----    ----
C51 COMPILER V9.54   MAIN                                                                  09/22/2023 19:43:03 PAGE 2   

   BIT SIZE         =   ----    ----
END OF MODULE INFORMATION.


C51 COMPILATION COMPLETE.  0 WARNING(S),  0 ERROR(S)
