C51 COMPILER V9.54   MAIN                                                                  09/23/2023 15:20:11 PAGE 1   


C51 COMPILER V9.54, COMPILATION OF MODULE MAIN
OBJECT MODULE PLACED IN .\Objects\main.obj
COMPILER INVOKED BY: D:\C51\C51\BIN\C51.EXE main.c OPTIMIZE(8,SPEED) BROWSE DEBUG OBJECTEXTEND PRINT(.\Listings\main.lst
                    -) TABS(2) OBJECT(.\Objects\main.obj)

line level    source

   1          #include <REGX52.H>
   2          #include <intrins.h>
   3          void Delay1ms(unsigned int xms)   //@11.0592MHz
   4          {
   5   1        unsigned char i, j;
   6   1        while(xms)
   7   1        {
   8   2          _nop_();
   9   2          _nop_();
  10   2          _nop_();
  11   2          i = 11;
  12   2          j = 190;
  13   2        do
  14   2        {
  15   3          while (--j);
  16   3        } while (--i);
  17   2          xms--;
  18   2        }
  19   1        
  20   1      }
  21          unsigned char NixieTable[]={0x3f,0x06,0x5b,0x4f,0x66,0x6d,0x7d,0x07,0x7f,0x6f}; 
  22          
  23          void Nixie(unsigned char Location,Number)
  24          {
  25   1        switch(Location)
  26   1        {
  27   2          case 1:P2_4=1;P2_3=1;P2_2=1;break;
  28   2          case 2:P2_4=1;P2_3=1;P2_2=0;break;
  29   2          case 3:P2_4=1;P2_3=0;P2_2=1;break;
  30   2          case 4:P2_4=1;P2_3=0;P2_2=0;break;
  31   2          case 5:P2_4=0;P2_3=1;P2_2=1;break;
  32   2          case 6:P2_4=0;P2_3=1;P2_2=0;break;
  33   2          case 7:P2_4=0;P2_3=0;P2_2=1;break;
  34   2          case 8:P2_4=0;P2_3=0;P2_2=0;break;
  35   2        }   
  36   1        
  37   1        P0=NixieTable[Number];
  38   1        
  39   1      }
  40          
  41          void main()
  42          {
  43   1        
  44   1      //  while()
  45   1        //{
  46   1        int i=65535;
  47   1        while(i--)
  48   1          {
  49   2          Nixie(7,2);
  50   2      //    P0 = 0x00;    
  51   2          Nixie(8,7);
  52   2      //    P0 = 0x00;    
  53   2          } 
  54   1          Delay1ms(500);
C51 COMPILER V9.54   MAIN                                                                  09/23/2023 15:20:11 PAGE 2   

  55   1          
  56   1          Nixie(7,3);
  57   1          Delay1ms(1);
  58   1          Nixie(8,4);
  59   1          Delay1ms(500);
  60   1          Nixie(7,5);
  61   1          Delay1ms(1);
  62   1          Nixie(8,1);
  63   1          Delay1ms(500);
  64   1          Nixie(7,6);
  65   1          Delay1ms(1);
  66   1          Nixie(8,8);
  67   1          Delay1ms(500);
  68   1          Nixie(7,8);
  69   1          Delay1ms(1);
  70   1          Nixie(8,5);
  71   1          Delay1ms(500);
  72   1          Nixie(6,1);
  73   1          Delay1ms(1);
  74   1          Nixie(7,0);
  75   1          Delay1ms(1);
  76   1          Nixie(8,2);
  77   1          Delay1ms(500);
  78   1          Nixie(6,1);
  79   1          Delay1ms(1);
  80   1          Nixie(7,1);
  81   1          Delay1ms(1);
  82   1          Nixie(8,9);
  83   1          Delay1ms(500);
  84   1          Nixie(6,1);
  85   1          Delay1ms(1);
  86   1          Nixie(7,3);
  87   1          Delay1ms(1);
  88   1          Nixie(8,6);
  89   1          Delay1ms(500);
  90   1          Nixie(6,1);
  91   1          Delay1ms(1);
  92   1          Nixie(7,5);
  93   1          Delay1ms(1);
  94   1          Nixie(8,3);
  95   1          Delay1ms(500);
  96   1          Nixie(6,1);
  97   1          Delay1ms(1);
  98   1          Nixie(7,7);
  99   1          Delay1ms(1);
 100   1          Nixie(8,0);
 101   1          Delay1ms(500);
 102   1        
 103   1        }
 104          
 105          
 106          


MODULE INFORMATION:   STATIC OVERLAYABLE
   CODE SIZE        =    343    ----
   CONSTANT SIZE    =   ----    ----
   XDATA SIZE       =   ----    ----
   PDATA SIZE       =   ----    ----
   DATA SIZE        =     10    ----
   IDATA SIZE       =   ----    ----
   BIT SIZE         =   ----    ----
C51 COMPILER V9.54   MAIN                                                                  09/23/2023 15:20:11 PAGE 3   

END OF MODULE INFORMATION.


C51 COMPILATION COMPLETE.  0 WARNING(S),  0 ERROR(S)
