C51 COMPILER V9.60.7.0   NIXIE                                                             05/11/2024 16:24:43 PAGE 1   


C51 COMPILER V9.60.7.0, COMPILATION OF MODULE NIXIE
OBJECT MODULE PLACED IN .\Objects\Nixie.obj
COMPILER INVOKED BY: D:\Keil uVision5\C51\BIN\C51.EXE ..\15-2 ЦұБчөз»ъөчЛЩ\Nixie.c OPTIMIZE(8,SPEED) BROWSE DEBUG OBJECT
                    -EXTEND PRINT(.\Listings\Nixie.lst) TABS(2) OBJECT(.\Objects\Nixie.obj)

line level    source

   1          #include <REGX52.H>
   2          #include "Delay.h"
   3          
   4          //ж•°з Ғз®Ўж®өз ҒиЎЁ
   5          unsigned char NixieTable[]={0x3F,0x06,0x5B,0x4F,0x66,0x6D,0x7D,0x07,0x7F,0x6F};
   6          
   7          /**
   8            * @brief  ж•°з Ғз®ЎжҳҫзӨә
   9            * @param  Location иҰҒжҳҫзӨәзҡ„дҪҚзҪ®пјҢиҢғеӣҙпјҡ1~8
  10            * @param  Number иҰҒжҳҫзӨәзҡ„ж•°еӯ—пјҢиҢғеӣҙпјҡж®өз ҒиЎЁзҙўеј•иҢғеӣҙ
  11            * @retval ж— 
  12            */
  13          void Nixie(unsigned char Location,Number)
  14          {
  15   1        switch(Location)    //дҪҚз Ғиҫ“еҮә
  16   1        {
  17   2          case 1:P2_4=1;P2_3=1;P2_2=1;break;
  18   2          case 2:P2_4=1;P2_3=1;P2_2=0;break;
  19   2          case 3:P2_4=1;P2_3=0;P2_2=1;break;
  20   2          case 4:P2_4=1;P2_3=0;P2_2=0;break;
  21   2          case 5:P2_4=0;P2_3=1;P2_2=1;break;
  22   2          case 6:P2_4=0;P2_3=1;P2_2=0;break;
  23   2          case 7:P2_4=0;P2_3=0;P2_2=1;break;
  24   2          case 8:P2_4=0;P2_3=0;P2_2=0;break;
  25   2        }
  26   1        P0=NixieTable[Number];  //ж®өз Ғиҫ“еҮә
  27   1        Delay(1);       //жҳҫзӨәдёҖж®өж—¶й—ҙ
  28   1        P0=0x00;        //ж®өз Ғжё…0пјҢж¶ҲеҪұ
  29   1      }


MODULE INFORMATION:   STATIC OVERLAYABLE
   CODE SIZE        =    109    ----
   CONSTANT SIZE    =   ----    ----
   XDATA SIZE       =   ----    ----
   PDATA SIZE       =   ----    ----
   DATA SIZE        =     10    ----
   IDATA SIZE       =   ----    ----
   BIT SIZE         =   ----    ----
END OF MODULE INFORMATION.


C51 COMPILATION COMPLETE.  0 WARNING(S),  0 ERROR(S)
