C51 COMPILER V9.54   MAIN                                                                  09/22/2023 23:06:32 PAGE 1   


C51 COMPILER V9.54, COMPILATION OF MODULE MAIN
OBJECT MODULE PLACED IN .\Objects\main.obj
COMPILER INVOKED BY: D:\C51\C51\BIN\C51.EXE main.c OPTIMIZE(8,SPEED) BROWSE DEBUG OBJECTEXTEND PRINT(.\Listings\main.lst
                    -) TABS(2) OBJECT(.\Objects\main.obj)

line level    source

   1          #include <REGX52.H>
   2          #include <intrins.h>
   3          
   4          void Delay100ms()   //@11.0592MHz
   5          {
   6   1        unsigned char i, j, k;
   7   1      
   8   1        _nop_();
   9   1        _nop_();
  10   1        i = 5;
  11   1        j = 52;
  12   1        k = 195;
  13   1        do
  14   1        {
  15   2          do
  16   2          {
  17   3            while (--k);
  18   3          } while (--j);
  19   2        } while (--i);
  20   1      }
  21          
  22          void main()
  23          {
  24   1        while(1)
  25   1        {
  26   2        P2=0xfe;//1111 1110
  27   2          Delay100ms();
  28   2        P2=0xfc;//1111 1100
  29   2          Delay100ms();
  30   2        P2=0xf8;//1111 1000
  31   2          Delay100ms();
  32   2        P2=0xf0;//1111 0000
  33   2          Delay100ms();
  34   2        P2=0xe0;//1110 0000
  35   2          Delay100ms();
  36   2        P2=0xc0;//1100 0000
  37   2          Delay100ms();
  38   2        P2=0x80;//1000 0000
  39   2          Delay100ms();
  40   2        P2=0x00;//0000 0000
  41   2          Delay100ms();
  42   2        P2=0xff;//1111 1111
  43   2          Delay100ms();
  44   2        }
  45   1        
  46   1      }


MODULE INFORMATION:   STATIC OVERLAYABLE
   CODE SIZE        =     71    ----
   CONSTANT SIZE    =   ----    ----
   XDATA SIZE       =   ----    ----
   PDATA SIZE       =   ----    ----
   DATA SIZE        =   ----    ----
C51 COMPILER V9.54   MAIN                                                                  09/22/2023 23:06:32 PAGE 2   

   IDATA SIZE       =   ----    ----
   BIT SIZE         =   ----    ----
END OF MODULE INFORMATION.


C51 COMPILATION COMPLETE.  0 WARNING(S),  0 ERROR(S)
