C51 COMPILER V9.60.7.0   MAIN                                                              11/22/2023 21:03:37 PAGE 1   


C51 COMPILER V9.60.7.0, COMPILATION OF MODULE MAIN
OBJECT MODULE PLACED IN .\Objects\main.obj
COMPILER INVOKED BY: D:\Keil uVision5\C51\BIN\C51.EXE main.c OPTIMIZE(8,SPEED) BROWSE DEBUG OBJECTEXTEND PRINT(.\Listing
                    -s\main.lst) TABS(2) OBJECT(.\Objects\main.obj)

line level    source

   1          #include <REGX52.H>
   2          
   3          void Delay(unsigned char xms) //@11.0592MHz
   4          {
   5   1        unsigned char data i, j;
   6   1        while(xms--)
   7   1      {
   8   2          i = 2;
   9   2          j = 199;
  10   2          do
  11   2          {
  12   3            while (--j);
  13   3          } while (--i);
  14   2        }
  15   1      
  16   1      }
  17          
  18          
  19          
  20          
  21          unsigned char NixieTable[]={0x3f,0x06,0x5b,0x4f,0x66,0x6d,0x7d,0x07,0x7f,0x6f}; 
  22          
  23          void Nixie(unsigned char Location,Number)
  24          {
  25   1        switch(Location)
  26   1        {
  27   2          case 1:P2_4=1;P2_3=1;P2_2=1;break;
  28   2          case 2:P2_4=1;P2_3=1;P2_2=0;break;
  29   2          case 3:P2_4=1;P2_3=0;P2_2=1;break;
  30   2          case 4:P2_4=1;P2_3=0;P2_2=0;break;
  31   2          case 5:P2_4=0;P2_3=1;P2_2=1;break;
  32   2          case 6:P2_4=0;P2_3=1;P2_2=0;break;
  33   2          case 7:P2_4=0;P2_3=0;P2_2=1;break;
  34   2          case 8:P2_4=0;P2_3=0;P2_2=0;break;
  35   2        }   
  36   1        
  37   1        P0=NixieTable[Number];
  38   1          Delay(1);
  39   1          P0=0x00;
  40   1      }
  41          
  42          void main()
  43          {
  44   1        while(1)
  45   1        {
  46   2          Nixie(1,3);
  47   2          //Delay(20);
  48   2          Nixie(2,6);
  49   2          //Delay(20);
  50   2          Nixie(3,9);
  51   2          //Delay(20);
  52   2        }
  53   1        
  54   1        
C51 COMPILER V9.60.7.0   MAIN                                                              11/22/2023 21:03:37 PAGE 2   

  55   1        
  56   1        
  57   1      
  58   1      }


MODULE INFORMATION:   STATIC OVERLAYABLE
   CODE SIZE        =    149    ----
   CONSTANT SIZE    =   ----    ----
   XDATA SIZE       =   ----    ----
   PDATA SIZE       =   ----    ----
   DATA SIZE        =     10    ----
   IDATA SIZE       =   ----    ----
   BIT SIZE         =   ----    ----
END OF MODULE INFORMATION.


C51 COMPILATION COMPLETE.  0 WARNING(S),  0 ERROR(S)
